[debug] [2018-08-17T06:52:42.179Z] ----------------------------------------------------------------------
[debug] [2018-08-17T06:52:42.185Z] Command:       C:\Program Files\nodejs\node.exe C:\Users\User\AppData\Roaming\npm\node_modules\firebase-tools\bin\firebase deploy
[debug] [2018-08-17T06:52:42.185Z] CLI Version:   4.1.1
[debug] [2018-08-17T06:52:42.185Z] Platform:      win32
[debug] [2018-08-17T06:52:42.185Z] Node Version:  v8.9.4
[debug] [2018-08-17T06:52:42.188Z] Time:          Fri Aug 17 2018 01:52:42 GMT-0500 (SA Pacific Standard Time)
[debug] [2018-08-17T06:52:42.188Z] ----------------------------------------------------------------------
[debug] 
[debug] [2018-08-17T06:52:42.210Z] > command requires scopes: ["email","openid","https://www.googleapis.com/auth/cloudplatformprojects.readonly","https://www.googleapis.com/auth/firebase","https://www.googleapis.com/auth/cloud-platform"]
[debug] [2018-08-17T06:52:42.211Z] > authorizing via signed-in user
[debug] [2018-08-17T06:52:42.214Z] > refreshing access token with scopes: ["email","https://www.googleapis.com/auth/cloud-platform","https://www.googleapis.com/auth/cloudplatformprojects.readonly","https://www.googleapis.com/auth/firebase","openid"]
[debug] [2018-08-17T06:52:42.214Z] >>> HTTP REQUEST POST https://www.googleapis.com/oauth2/v3/token  

[debug] [2018-08-17T06:52:42.482Z] <<< HTTP RESPONSE 200
[debug] [2018-08-17T06:52:42.525Z] >>> HTTP REQUEST GET https://admin.firebase.com/v1/projects/apptuto-508cb  
 
[debug] [2018-08-17T06:52:43.018Z] <<< HTTP RESPONSE 200
[debug] [2018-08-17T06:52:43.020Z] >>> HTTP REQUEST GET https://admin.firebase.com/v1/database/apptuto-508cb/tokens  
 
[debug] [2018-08-17T06:52:43.565Z] <<< HTTP RESPONSE 200
[info] 
[info] === Deploying to 'apptuto-508cb'...
[info] 
[info] i  deploying hosting
[debug] [2018-08-17T06:52:44.193Z] >>> HTTP REQUEST POST https://firebasehosting.googleapis.com/v1beta1/sites/apptuto-508cb/versions  

[debug] [2018-08-17T06:52:45.662Z] <<< HTTP RESPONSE 200
[debug] [2018-08-17T06:52:46.127Z] Error: EPERM: operation not permitted, scandir 'C:\$Recycle.Bin\S-1-5-18'
    at Object.fs.readdirSync (fs.js:904:18)
    at GlobSync._readdir (C:\Users\User\AppData\Roaming\npm\node_modules\firebase-tools\node_modules\glob\sync.js:288:41)
    at GlobSync._readdirInGlobStar (C:\Users\User\AppData\Roaming\npm\node_modules\firebase-tools\node_modules\glob\sync.js:245:17)
    at GlobSync._readdir (C:\Users\User\AppData\Roaming\npm\node_modules\firebase-tools\node_modules\glob\sync.js:276:17)
    at GlobSync._processReaddir (C:\Users\User\AppData\Roaming\npm\node_modules\firebase-tools\node_modules\glob\sync.js:137:22)
    at GlobSync._process (C:\Users\User\AppData\Roaming\npm\node_modules\firebase-tools\node_modules\glob\sync.js:132:10)
    at GlobSync._processGlobStar (C:\Users\User\AppData\Roaming\npm\node_modules\firebase-tools\node_modules\glob\sync.js:380:10)
    at GlobSync._process (C:\Users\User\AppData\Roaming\npm\node_modules\firebase-tools\node_modules\glob\sync.js:130:10)
    at GlobSync._processGlobStar (C:\Users\User\AppData\Roaming\npm\node_modules\firebase-tools\node_modules\glob\sync.js:383:10)
    at GlobSync._process (C:\Users\User\AppData\Roaming\npm\node_modules\firebase-tools\node_modules\glob\sync.js:130:10)
[error] 
[error] Error: An unexpected error has occurred.
